2025-05-05 17:47:48,841 INFO: Getting conversation [in C:\Users\Miguel de Juan Urien\Desktop\TFG\ubu-esgenerator\backend\app.py:285]
2025-05-05 17:49:20,198 INFO: Session cleared for reset [in C:\Users\Miguel de Juan Urien\Desktop\TFG\ubu-esgenerator\backend\app.py:405]
2025-05-05 17:49:27,360 INFO: Chat message received. Session data: {} [in C:\Users\Miguel de Juan Urien\Desktop\TFG\ubu-esgenerator\backend\app.py:207]
2025-05-05 17:49:50,856 INFO: Chat message received. Session data: {'_fresh': False, 'company_desc': 'coal mining', 'conversation_history': [], 'conversation_id': 9, 'esrs_sector': 'Mining, Quarrying and Coal', 'initialized': True, 'nace_sector': 'B5'} [in C:\Users\Miguel de Juan Urien\Desktop\TFG\ubu-esgenerator\backend\app.py:207]
2025-05-05 17:50:53,207 INFO: Getting conversation [in C:\Users\Miguel de Juan Urien\Desktop\TFG\ubu-esgenerator\backend\app.py:285]
2025-05-05 17:58:34,486 ERROR: Login error: 'SecureCookieSession' object has no attribute 'regenerate' [in C:\Users\Miguel de Juan Urien\Desktop\TFG\ubu-esgenerator\backend\app.py:609]
2025-05-05 17:58:34,516 INFO: Getting conversation [in C:\Users\Miguel de Juan Urien\Desktop\TFG\ubu-esgenerator\backend\app.py:285]
2025-05-05 17:58:36,533 INFO: Getting conversation [in C:\Users\Miguel de Juan Urien\Desktop\TFG\ubu-esgenerator\backend\app.py:285]
2025-05-05 17:58:37,161 INFO: Getting conversation [in C:\Users\Miguel de Juan Urien\Desktop\TFG\ubu-esgenerator\backend\app.py:285]
2025-05-05 17:58:37,711 INFO: Getting conversation [in C:\Users\Miguel de Juan Urien\Desktop\TFG\ubu-esgenerator\backend\app.py:285]
2025-05-05 17:58:38,246 INFO: Getting conversation [in C:\Users\Miguel de Juan Urien\Desktop\TFG\ubu-esgenerator\backend\app.py:285]
2025-05-05 17:58:38,750 INFO: Getting conversation [in C:\Users\Miguel de Juan Urien\Desktop\TFG\ubu-esgenerator\backend\app.py:285]
2025-05-05 17:58:39,266 INFO: Getting conversation [in C:\Users\Miguel de Juan Urien\Desktop\TFG\ubu-esgenerator\backend\app.py:285]
2025-05-05 17:58:40,384 INFO: User logged out: DEJUAMIG34 [in C:\Users\Miguel de Juan Urien\Desktop\TFG\ubu-esgenerator\backend\app.py:618]
2025-05-05 17:58:40,779 INFO: Getting conversation [in C:\Users\Miguel de Juan Urien\Desktop\TFG\ubu-esgenerator\backend\app.py:285]
2025-05-05 17:58:45,762 INFO: Chat message received. Session data: {} [in C:\Users\Miguel de Juan Urien\Desktop\TFG\ubu-esgenerator\backend\app.py:207]
2025-05-05 17:58:53,922 INFO: Chat message received. Session data: {'_fresh': False, 'company_desc': 'fishing', 'conversation_history': [], 'conversation_id': 10, 'esrs_sector': 'Agnostic', 'initialized': True, 'nace_sector': 'A3'} [in C:\Users\Miguel de Juan Urien\Desktop\TFG\ubu-esgenerator\backend\app.py:207]
2025-05-06 08:53:07,587 INFO: Getting conversation [in C:\Users\Miguel de Juan Urien\Desktop\TFG\ubu-esgenerator\backend\app.py:285]
2025-05-06 10:16:44,043 INFO: Getting conversation [in C:\Users\Miguel de Juan Urien\Desktop\TFG\ubu-esgenerator\backend\app.py:285]
2025-05-06 10:16:50,651 ERROR: Login error: 'SecureCookieSession' object has no attribute 'regenerate' [in C:\Users\Miguel de Juan Urien\Desktop\TFG\ubu-esgenerator\backend\app.py:609]
2025-05-06 10:16:50,757 INFO: Getting conversation [in C:\Users\Miguel de Juan Urien\Desktop\TFG\ubu-esgenerator\backend\app.py:285]
2025-05-06 10:16:52,984 INFO: Getting conversation [in C:\Users\Miguel de Juan Urien\Desktop\TFG\ubu-esgenerator\backend\app.py:285]
2025-05-06 10:16:55,313 INFO: Getting conversation [in C:\Users\Miguel de Juan Urien\Desktop\TFG\ubu-esgenerator\backend\app.py:285]
2025-05-06 10:17:01,860 INFO: Profile updated for user: DEJUAMIG345 [in C:\Users\Miguel de Juan Urien\Desktop\TFG\ubu-esgenerator\backend\app.py:794]
2025-05-06 10:17:15,838 INFO: Getting conversation [in C:\Users\Miguel de Juan Urien\Desktop\TFG\ubu-esgenerator\backend\app.py:285]
2025-05-06 11:22:44,790 INFO: Getting conversation [in C:\Users\Miguel de Juan Urien\Desktop\TFG\ubu-esgenerator\backend\app.py:285]
2025-05-06 11:22:51,997 INFO: Session cleared for reset [in C:\Users\Miguel de Juan Urien\Desktop\TFG\ubu-esgenerator\backend\app.py:405]
2025-05-06 11:23:17,738 INFO: Chat message received. Session data: {} [in C:\Users\Miguel de Juan Urien\Desktop\TFG\ubu-esgenerator\backend\app.py:207]
2025-05-06 11:35:08,690 INFO: Getting conversation [in C:\Users\Miguel de Juan Urien\Desktop\TFG\ubu-esgenerator\backend\app.py:285]
2025-05-06 11:37:38,925 INFO: Getting conversation [in C:\Users\Miguel de Juan Urien\Desktop\TFG\ubu-esgenerator\backend\app.py:285]
